- Запрос
```sql
SELECT c.full_name
FROM product_purchase pp
         LEFT JOIN product pr ON pp.product_id = pr.id
         LEFT JOIN purchase p ON pp.purchase_id = p.id
         LEFT JOIN consumer c on p.consumer_id = c.id
WHERE c.id IN (SELECT p.consumer_id
               FROM purchase p
               WHERE p.date > '2006-04-05')
  AND pr.category_id IN (SELECT c.id
                         FROM category c
                                  LEFT JOIN product p on c.id = p.category_id
                         WHERE c.name <> p.name
                           AND CHAR_LENGTH(p.name) > 4);
```
1. DESC

[desc.csv](desc.csv)

2. DESC FORMAT=JSON
```json
{
  "query_block": {
    "select_id": 1,
    "cost_info": {
      "query_cost": "5019.37"
    },
    "nested_loop": [
      {
        "table": {
          "table_name": "<subquery2>",
          "access_type": "ALL",
          "materialized_from_subquery": {
            "using_temporary_table": true,
            "query_block": {
              "table": {
                "table_name": "p",
                "access_type": "ALL",
                "possible_keys": [
                  "consumer_id"
                ],
                "rows_examined_per_scan": 8769,
                "rows_produced_per_join": 2922,
                "filtered": "33.33",
                "cost_info": {
                  "read_cost": "608.88",
                  "eval_cost": "292.27",
                  "prefix_cost": "901.15",
                  "data_read_per_join": "639K"
                },
                "used_columns": [
                  "date",
                  "consumer_id"
                ],
                "attached_condition": "(`test`.`p`.`date` > DATE'2006-04-05')"
              }
            }
          }
        }
      },
      {
        "table": {
          "table_name": "p",
          "access_type": "ref",
          "possible_keys": [
            "PRIMARY",
            "consumer_id"
          ],
          "key": "consumer_id",
          "used_key_parts": [
            "consumer_id"
          ],
          "key_length": "4",
          "ref": [
            "<subquery2>.consumer_id"
          ],
          "rows_examined_per_scan": 1,
          "rows_produced_per_join": 2922,
          "filtered": "100.00",
          "using_index": true,
          "cost_info": {
            "read_cost": "730.68",
            "eval_cost": "292.27",
            "prefix_cost": "1924.10",
            "data_read_per_join": "639K"
          },
          "used_columns": [
            "id",
            "consumer_id"
          ],
          "attached_condition": "(`test`.`p`.`id` is not null)"
        }
      },
      {
        "table": {
          "table_name": "c",
          "access_type": "eq_ref",
          "possible_keys": [
            "PRIMARY"
          ],
          "key": "PRIMARY",
          "used_key_parts": [
            "id"
          ],
          "key_length": "4",
          "ref": [
            "<subquery2>.consumer_id"
          ],
          "rows_examined_per_scan": 1,
          "rows_produced_per_join": 1,
          "filtered": "100.00",
          "cost_info": {
            "read_cost": "0.25",
            "eval_cost": "0.10",
            "prefix_cost": "3532.59",
            "data_read_per_join": "528"
          },
          "used_columns": [
            "id",
            "full_name"
          ]
        }
      },
      {
        "table": {
          "table_name": "pp",
          "access_type": "ref",
          "possible_keys": [
            "PRIMARY",
            "purchase_id"
          ],
          "key": "purchase_id",
          "used_key_parts": [
            "purchase_id"
          ],
          "key_length": "8",
          "ref": [
            "test.p.id"
          ],
          "rows_examined_per_scan": 1,
          "rows_produced_per_join": 1,
          "filtered": "100.00",
          "using_index": true,
          "cost_info": {
            "read_cost": "0.25",
            "eval_cost": "0.10",
            "prefix_cost": "3532.94",
            "data_read_per_join": "16"
          },
          "used_columns": [
            "product_id",
            "purchase_id"
          ]
        }
      },
      {
        "table": {
          "table_name": "pr",
          "access_type": "eq_ref",
          "possible_keys": [
            "PRIMARY",
            "category_id"
          ],
          "key": "PRIMARY",
          "used_key_parts": [
            "id"
          ],
          "key_length": "4",
          "ref": [
            "test.pp.product_id"
          ],
          "rows_examined_per_scan": 1,
          "rows_produced_per_join": 1,
          "filtered": "100.00",
          "cost_info": {
            "read_cost": "742.94",
            "eval_cost": "0.10",
            "prefix_cost": "4275.98",
            "data_read_per_join": "227"
          },
          "used_columns": [
            "id",
            "category_id"
          ],
          "attached_condition": "(`test`.`pr`.`category_id` is not null)"
        }
      },
      {
        "table": {
          "table_name": "c",
          "access_type": "eq_ref",
          "possible_keys": [
            "PRIMARY"
          ],
          "key": "PRIMARY",
          "used_key_parts": [
            "id"
          ],
          "key_length": "4",
          "ref": [
            "test.pr.category_id"
          ],
          "rows_examined_per_scan": 1,
          "rows_produced_per_join": 1,
          "filtered": "100.00",
          "cost_info": {
            "read_cost": "742.94",
            "eval_cost": "0.10",
            "prefix_cost": "5019.01",
            "data_read_per_join": "211"
          },
          "used_columns": [
            "id",
            "name"
          ]
        }
      },
      {
        "table": {
          "table_name": "p",
          "access_type": "ref",
          "possible_keys": [
            "category_id"
          ],
          "key": "category_id",
          "used_key_parts": [
            "category_id"
          ],
          "key_length": "5",
          "ref": [
            "test.pr.category_id"
          ],
          "rows_examined_per_scan": 1,
          "rows_produced_per_join": 1,
          "filtered": "90.00",
          "first_match": "c",
          "cost_info": {
            "read_cost": "0.26",
            "eval_cost": "0.10",
            "prefix_cost": "5019.37",
            "data_read_per_join": "227"
          },
          "used_columns": [
            "name",
            "category_id"
          ],
          "attached_condition": "((`test`.`c`.`name` <> `test`.`p`.`name`) and (char_length(`test`.`p`.`name`) > 4))"
        }
      }
    ]
  }
} 
```
3. DESC FORMAT=TREE
```text
-> Nested loop semijoin  (cost=5223.97 rows=2683)
    -> Nested loop inner join  (cost=4925.56 rows=2972)
        -> Nested loop inner join  (cost=3885.45 rows=2972)
            -> Nested loop inner join  (cost=2845.34 rows=2972)
                -> Nested loop inner join  (cost=2547.91 rows=2923)
                    -> Nested loop inner join  (cost=2255.39 rows=2923)
                        -> Table scan on <subquery2>  (cost=1193.43..1232.45 rows=2923)
                            -> Materialize with deduplication  (cost=1193.42..1193.42 rows=2923)
                                -> Filter: (p.`date` > DATE'2006-04-05')  (cost=901.15 rows=2923)
                                    -> Table scan on p  (cost=901.15 rows=8769)
                        -> Filter: (p.id is not null)  (cost=0.25 rows=1)
                            -> Covering index lookup on p using consumer_id (consumer_id=`<subquery2>`.consumer_id)  (cost=0.25 rows=1)
                    -> Single-row index lookup on c using PRIMARY (id=`<subquery2>`.consumer_id)  (cost=0.35 rows=1)
                -> Covering index lookup on pp using purchase_id (purchase_id=p.id)  (cost=0.35 rows=1)
            -> Filter: (pr.category_id is not null)  (cost=730.78 rows=1)
                -> Single-row index lookup on pr using PRIMARY (id=pp.product_id)  (cost=730.78 rows=1)
        -> Single-row index lookup on c using PRIMARY (id=pr.category_id)  (cost=730.78 rows=1)
    -> Filter: ((c.`name` <> p.`name`) and (char_length(p.`name`) > 4))  (cost=0.31 rows=1)
        -> Index lookup on p using category_id (category_id=pr.category_id)  (cost=0.31 rows=1)
```

- Слабое место в запросе, это второй подзапрос.